<?xml version="1.0" encoding="UTF-8" ?>
<testsuite tests="8" failures="0" name="fr.uga.devops.TestDatafram" time="0.006" errors="0" skipped="0">
  <properties>
[...]
</properties>
  <testcase classname="fr.uga.devops.TestDatafram" name="constructorIntegerArrayLabel" time="0"/>
  <testcase classname="fr.uga.devops.TestDatafram" name="constructorStringArray" time="0"/>
  <testcase classname="fr.uga.devops.TestDatafram" name="constructorStringArrayLabel" time="0.001"/>
  <testcase classname="fr.uga.devops.TestDatafram" name="testConstructeurCsv" time="0.005"/>
  <testcase classname="fr.uga.devops.TestDatafram" name="constructorIntegerArray" time="0"/>
  <testcase classname="fr.uga.devops.TestDatafram" name="constructorIntegerAndStringArray" time="0"/>
  <testcase classname="fr.uga.devops.TestDatafram" name="constructorIntegerArrayLabelNotEquals" time="0"/>
  <testcase classname="fr.uga.devops.TestDatafram" name="constructorStringArrayLabelNotEquals" time="0"/>
</testsuite>